{"/home/raphael/Microverse/Module-2/javascript-group-capstone/src/modules/commentcounter.js": {"path":"/home/raphael/Microverse/Module-2/javascript-group-capstone/src/modules/commentcounter.js","statementMap":{"0":{"start":{"line":1,"column":23},"end":{"line":1,"column":59}},"1":{"start":{"line":1,"column":33},"end":{"line":1,"column":59}}},"fnMap":{"0":{"name":"(anonymous_0)","decl":{"start":{"line":1,"column":23},"end":{"line":1,"column":24}},"loc":{"start":{"line":1,"column":33},"end":{"line":1,"column":59}},"line":1}},"branchMap":{},"s":{"0":1,"1":2},"f":{"0":2},"b":{},"_coverageSchema":"1a1c01bbd47fc00a2c39e90264f33305004495a9","hash":"f0c5da492cefc59b8e54e54b338ab7145366617b"}
,"/home/raphael/Microverse/Module-2/javascript-group-capstone/src/modules/counter.js": {"path":"/home/raphael/Microverse/Module-2/javascript-group-capstone/src/modules/counter.js","statementMap":{"0":{"start":{"line":1,"column":21},"end":{"line":1,"column":36}},"1":{"start":{"line":1,"column":28},"end":{"line":1,"column":36}}},"fnMap":{"0":{"name":"(anonymous_0)","decl":{"start":{"line":1,"column":21},"end":{"line":1,"column":22}},"loc":{"start":{"line":1,"column":28},"end":{"line":1,"column":36}},"line":1}},"branchMap":{},"s":{"0":1,"1":2},"f":{"0":2},"b":{},"_coverageSchema":"1a1c01bbd47fc00a2c39e90264f33305004495a9","hash":"edb2b7d113d5f80d06808a2cb9506636cb2833d2"}
}
